2019-01-15 15:16:13.939 DEBUG 73 --- [main] o.s.w.c.s.StandardServletEnvironment     : Adding PropertySource 'configurationProperties' with highest search precedence
2019-01-15 15:16:14.187 DEBUG 73 --- [main] o.s.w.c.s.StandardServletEnvironment     : Adding PropertySource 'servletConfigInitParams' with lowest search precedence
2019-01-15 15:16:14.199 DEBUG 73 --- [main] o.s.w.c.s.StandardServletEnvironment     : Adding PropertySource 'servletContextInitParams' with lowest search precedence
2019-01-15 15:16:14.200 DEBUG 73 --- [main] o.s.w.c.s.StandardServletEnvironment     : Adding PropertySource 'systemProperties' with lowest search precedence
2019-01-15 15:16:14.200 DEBUG 73 --- [main] o.s.w.c.s.StandardServletEnvironment     : Adding PropertySource 'systemEnvironment' with lowest search precedence
2019-01-15 15:16:14.202 DEBUG 73 --- [main] o.s.w.c.s.StandardServletEnvironment     : Initialized StandardServletEnvironment with PropertySources [StubPropertySource {name='servletConfigInitParams'}, StubPropertySource {name='servletContextInitParams'}, MapPropertySource {name='systemProperties'}, SystemEnvironmentPropertySource {name='systemEnvironment'}]
2019-01-15 15:16:14.337  INFO 73 --- [main] org.kpmp.Application                     : Starting Application on 99b3a70ae7db with PID 73 (/home/gradle/build/classes/java/main started by gradle in /home/gradle)
2019-01-15 15:16:14.339  INFO 73 --- [main] org.kpmp.Application                     : No active profile set, falling back to default profiles: default
2019-01-15 15:16:14.505  INFO 73 --- [main] ConfigServletWebServerApplicationContext : Refreshing org.springframework.boot.web.servlet.context.AnnotationConfigServletWebServerApplicationContext@64cd705f: startup date [Tue Jan 15 15:16:14 GMT 2019]; root of context hierarchy
2019-01-15 15:16:16.804 DEBUG 73 --- [main] o.s.w.c.s.StandardServletEnvironment     : Removing PropertySource 'defaultProperties'
2019-01-15 15:16:17.348  INFO 73 --- [main] trationDelegate$BeanPostProcessorChecker : Bean 'org.springframework.cache.annotation.ProxyCachingConfiguration' of type [org.springframework.cache.annotation.ProxyCachingConfiguration$$EnhancerBySpringCGLIB$$53c9758b] is not eligible for getting processed by all BeanPostProcessors (for example: not eligible for auto-proxying)
2019-01-15 15:16:17.459  INFO 73 --- [main] trationDelegate$BeanPostProcessorChecker : Bean 'org.springframework.boot.autoconfigure.cache.CacheAutoConfiguration' of type [org.springframework.boot.autoconfigure.cache.CacheAutoConfiguration$$EnhancerBySpringCGLIB$$483d3a2f] is not eligible for getting processed by all BeanPostProcessors (for example: not eligible for auto-proxying)
2019-01-15 15:16:17.515  INFO 73 --- [main] trationDelegate$BeanPostProcessorChecker : Bean 'org.springframework.boot.context.properties.ConversionServiceDeducer$Factory' of type [org.springframework.boot.context.properties.ConversionServiceDeducer$Factory] is not eligible for getting processed by all BeanPostProcessors (for example: not eligible for auto-proxying)
2019-01-15 15:16:17.530  INFO 73 --- [main] trationDelegate$BeanPostProcessorChecker : Bean 'spring.cache-org.springframework.boot.autoconfigure.cache.CacheProperties' of type [org.springframework.boot.autoconfigure.cache.CacheProperties] is not eligible for getting processed by all BeanPostProcessors (for example: not eligible for auto-proxying)
2019-01-15 15:16:17.551  INFO 73 --- [main] trationDelegate$BeanPostProcessorChecker : Bean 'cacheManagerCustomizers' of type [org.springframework.boot.autoconfigure.cache.CacheManagerCustomizers] is not eligible for getting processed by all BeanPostProcessors (for example: not eligible for auto-proxying)
2019-01-15 15:16:17.563  INFO 73 --- [main] trationDelegate$BeanPostProcessorChecker : Bean 'org.springframework.boot.autoconfigure.cache.SimpleCacheConfiguration' of type [org.springframework.boot.autoconfigure.cache.SimpleCacheConfiguration$$EnhancerBySpringCGLIB$$e9d8ad10] is not eligible for getting processed by all BeanPostProcessors (for example: not eligible for auto-proxying)
2019-01-15 15:16:17.629  INFO 73 --- [main] trationDelegate$BeanPostProcessorChecker : Bean 'cacheManager' of type [org.springframework.cache.concurrent.ConcurrentMapCacheManager] is not eligible for getting processed by all BeanPostProcessors (for example: not eligible for auto-proxying)
2019-01-15 15:16:17.632  INFO 73 --- [main] trationDelegate$BeanPostProcessorChecker : Bean 'cacheAutoConfigurationValidator' of type [org.springframework.boot.autoconfigure.cache.CacheAutoConfiguration$CacheManagerValidator] is not eligible for getting processed by all BeanPostProcessors (for example: not eligible for auto-proxying)
2019-01-15 15:16:19.227  INFO 73 --- [main] o.s.b.w.embedded.tomcat.TomcatWebServer  : Tomcat initialized with port(s): 3030 (http)
2019-01-15 15:16:19.369  INFO 73 --- [main] o.apache.catalina.core.StandardService   : Starting service [Tomcat]
2019-01-15 15:16:19.371  INFO 73 --- [main] org.apache.catalina.core.StandardEngine  : Starting Servlet Engine: Apache Tomcat/8.5.29
2019-01-15 15:16:19.437  INFO 73 --- [localhost-startStop-1] o.a.catalina.core.AprLifecycleListener   : The APR based Apache Tomcat Native library which allows optimal performance in production environments was not found on the java.library.path: [/usr/java/packages/lib/amd64:/usr/lib64:/lib64:/lib:/usr/lib]
2019-01-15 15:16:19.944  INFO 73 --- [localhost-startStop-1] o.a.c.c.C.[Tomcat].[localhost].[/]       : Initializing Spring embedded WebApplicationContext
2019-01-15 15:16:19.947 DEBUG 73 --- [localhost-startStop-1] o.s.web.context.ContextLoader            : Published root WebApplicationContext as ServletContext attribute with name [org.springframework.web.context.WebApplicationContext.ROOT]
2019-01-15 15:16:19.956  INFO 73 --- [localhost-startStop-1] o.s.web.context.ContextLoader            : Root WebApplicationContext: initialization completed in 5452 ms
2019-01-15 15:16:20.614  INFO 73 --- [localhost-startStop-1] o.s.b.w.servlet.ServletRegistrationBean  : Servlet dispatcherServlet mapped to [/]
2019-01-15 15:16:20.632  INFO 73 --- [localhost-startStop-1] o.s.b.w.servlet.FilterRegistrationBean   : Mapping filter: 'characterEncodingFilter' to: [/*]
2019-01-15 15:16:20.633  INFO 73 --- [localhost-startStop-1] o.s.b.w.servlet.FilterRegistrationBean   : Mapping filter: 'hiddenHttpMethodFilter' to: [/*]
2019-01-15 15:16:20.636  INFO 73 --- [localhost-startStop-1] o.s.b.w.servlet.FilterRegistrationBean   : Mapping filter: 'httpPutFormContentFilter' to: [/*]
2019-01-15 15:16:20.638  INFO 73 --- [localhost-startStop-1] o.s.b.w.servlet.FilterRegistrationBean   : Mapping filter: 'requestContextFilter' to: [/*]
2019-01-15 15:16:20.842 DEBUG 73 --- [main] o.s.w.c.s.StandardServletEnvironment     : Replacing PropertySource 'servletContextInitParams' with 'servletContextInitParams'
2019-01-15 15:16:22.019  INFO 73 --- [main] org.mongodb.driver.cluster               : Cluster created with settings {hosts=[mongodb:27017], mode=SINGLE, requiredClusterType=UNKNOWN, serverSelectionTimeout='30000 ms', maxWaitQueueSize=500}
2019-01-15 15:16:22.262  INFO 73 --- [cluster-ClusterId{value='5c3df945d16b7300499b35d3', description='null'}-mongodb:27017] org.mongodb.driver.connection            : Opened connection [connectionId{localValue:1, serverValue:23}] to mongodb:27017
2019-01-15 15:16:22.287  INFO 73 --- [cluster-ClusterId{value='5c3df945d16b7300499b35d3', description='null'}-mongodb:27017] org.mongodb.driver.cluster               : Monitor thread successfully connected to server with description ServerDescription{address=mongodb:27017, type=STANDALONE, state=CONNECTED, ok=true, version=ServerVersion{versionList=[4, 0, 4]}, minWireVersion=0, maxWireVersion=7, maxDocumentSize=16777216, logicalSessionTimeoutMinutes=30, roundTripTimeNanos=16966500}
2019-01-15 15:16:23.788  INFO 73 --- [main] o.s.w.s.handler.SimpleUrlHandlerMapping  : Mapped URL path [/**/favicon.ico] onto handler of type [class org.springframework.web.servlet.resource.ResourceHttpRequestHandler]
2019-01-15 15:16:24.715  INFO 73 --- [main] s.w.s.m.m.a.RequestMappingHandlerAdapter : Looking for @ControllerAdvice: org.springframework.boot.web.servlet.context.AnnotationConfigServletWebServerApplicationContext@64cd705f: startup date [Tue Jan 15 15:16:14 GMT 2019]; root of context hierarchy
2019-01-15 15:16:24.906 DEBUG 73 --- [main] s.w.s.m.m.a.RequestMappingHandlerMapping : Looking for request mappings in application context: org.springframework.boot.web.servlet.context.AnnotationConfigServletWebServerApplicationContext@64cd705f: startup date [Tue Jan 15 15:16:14 GMT 2019]; root of context hierarchy
2019-01-15 15:16:24.933 DEBUG 73 --- [main] s.w.s.m.m.a.RequestMappingHandlerMapping : 1 request handler methods found on class org.kpmp.error.ErrorController: {public org.springframework.http.ResponseEntity org.kpmp.error.ErrorController.logError(org.kpmp.error.FrontEndError) throws java.io.IOException={[/v1/error],methods=[POST],consumes=[application/json]}}
2019-01-15 15:16:24.937  INFO 73 --- [main] s.w.s.m.m.a.RequestMappingHandlerMapping : Mapped "{[/v1/error],methods=[POST],consumes=[application/json]}" onto public org.springframework.http.ResponseEntity<java.lang.Boolean> org.kpmp.error.ErrorController.logError(org.kpmp.error.FrontEndError) throws java.io.IOException
2019-01-15 15:16:24.948 DEBUG 73 --- [main] s.w.s.m.m.a.RequestMappingHandlerMapping : 5 request handler methods found on class org.kpmp.packages.PackageController: {public java.lang.String org.kpmp.packages.PackageController.postPackageInformation(org.kpmp.packages.Package)={[/v1/packages],methods=[POST]}, public org.kpmp.packages.FileUploadResponse org.kpmp.packages.PackageController.postFilesToPackage(java.lang.String,org.springframework.web.multipart.MultipartFile,java.lang.String,long,int,int) throws java.lang.Exception={[/v1/packages/{packageId}/files],methods=[POST],consumes=[multipart/form-data]}, public java.util.List org.kpmp.packages.PackageController.getAllPackages()={[/v1/packages],methods=[GET]}, public org.springframework.http.ResponseEntity org.kpmp.packages.PackageController.downloadPackage(java.lang.String)={[/v1/packages/{packageId}/files],methods=[GET]}, public org.kpmp.packages.FileUploadResponse org.kpmp.packages.PackageController.finishUpload(java.lang.String)={[/v1/packages/{packageId}/files/finish],methods=[POST]}}
2019-01-15 15:16:24.951  INFO 73 --- [main] s.w.s.m.m.a.RequestMappingHandlerMapping : Mapped "{[/v1/packages],methods=[POST]}" onto public java.lang.String org.kpmp.packages.PackageController.postPackageInformation(org.kpmp.packages.Package)
2019-01-15 15:16:24.953  INFO 73 --- [main] s.w.s.m.m.a.RequestMappingHandlerMapping : Mapped "{[/v1/packages/{packageId}/files],methods=[POST],consumes=[multipart/form-data]}" onto public org.kpmp.packages.FileUploadResponse org.kpmp.packages.PackageController.postFilesToPackage(java.lang.String,org.springframework.web.multipart.MultipartFile,java.lang.String,long,int,int) throws java.lang.Exception
2019-01-15 15:16:24.954  INFO 73 --- [main] s.w.s.m.m.a.RequestMappingHandlerMapping : Mapped "{[/v1/packages],methods=[GET]}" onto public java.util.List<org.kpmp.packages.PackageView> org.kpmp.packages.PackageController.getAllPackages()
2019-01-15 15:16:24.958  INFO 73 --- [main] s.w.s.m.m.a.RequestMappingHandlerMapping : Mapped "{[/v1/packages/{packageId}/files],methods=[GET]}" onto public org.springframework.http.ResponseEntity<org.springframework.core.io.Resource> org.kpmp.packages.PackageController.downloadPackage(java.lang.String)
2019-01-15 15:16:24.961  INFO 73 --- [main] s.w.s.m.m.a.RequestMappingHandlerMapping : Mapped "{[/v1/packages/{packageId}/files/finish],methods=[POST]}" onto public org.kpmp.packages.FileUploadResponse org.kpmp.packages.PackageController.finishUpload(java.lang.String)
2019-01-15 15:16:24.962 DEBUG 73 --- [main] s.w.s.m.m.a.RequestMappingHandlerMapping : 1 request handler methods found on class org.kpmp.shibboleth.ShibbolethAttributeController: {public org.kpmp.users.User org.kpmp.shibboleth.ShibbolethAttributeController.getAttributes(javax.servlet.http.HttpServletRequest) throws java.io.UnsupportedEncodingException={[/v1/userInformation],methods=[GET]}}
2019-01-15 15:16:24.963  INFO 73 --- [main] s.w.s.m.m.a.RequestMappingHandlerMapping : Mapped "{[/v1/userInformation],methods=[GET]}" onto public org.kpmp.users.User org.kpmp.shibboleth.ShibbolethAttributeController.getAttributes(javax.servlet.http.HttpServletRequest) throws java.io.UnsupportedEncodingException
2019-01-15 15:16:24.969 DEBUG 73 --- [main] s.w.s.m.m.a.RequestMappingHandlerMapping : 2 request handler methods found on class org.springframework.boot.autoconfigure.web.servlet.error.BasicErrorController: {public org.springframework.web.servlet.ModelAndView org.springframework.boot.autoconfigure.web.servlet.error.BasicErrorController.errorHtml(javax.servlet.http.HttpServletRequest,javax.servlet.http.HttpServletResponse)={[/error],produces=[text/html]}, public org.springframework.http.ResponseEntity org.springframework.boot.autoconfigure.web.servlet.error.BasicErrorController.error(javax.servlet.http.HttpServletRequest)={[/error]}}
2019-01-15 15:16:24.973  INFO 73 --- [main] s.w.s.m.m.a.RequestMappingHandlerMapping : Mapped "{[/error],produces=[text/html]}" onto public org.springframework.web.servlet.ModelAndView org.springframework.boot.autoconfigure.web.servlet.error.BasicErrorController.errorHtml(javax.servlet.http.HttpServletRequest,javax.servlet.http.HttpServletResponse)
2019-01-15 15:16:24.974  INFO 73 --- [main] s.w.s.m.m.a.RequestMappingHandlerMapping : Mapped "{[/error]}" onto public org.springframework.http.ResponseEntity<java.util.Map<java.lang.String, java.lang.Object>> org.springframework.boot.autoconfigure.web.servlet.error.BasicErrorController.error(javax.servlet.http.HttpServletRequest)
2019-01-15 15:16:25.146 DEBUG 73 --- [main] o.s.w.s.h.BeanNameUrlHandlerMapping      : Looking for URL mappings in application context: org.springframework.boot.web.servlet.context.AnnotationConfigServletWebServerApplicationContext@64cd705f: startup date [Tue Jan 15 15:16:14 GMT 2019]; root of context hierarchy
2019-01-15 15:16:25.147 DEBUG 73 --- [main] o.s.w.s.h.BeanNameUrlHandlerMapping      : Rejected bean name 'org.springframework.context.annotation.internalConfigurationAnnotationProcessor': no URL paths identified
2019-01-15 15:16:25.147 DEBUG 73 --- [main] o.s.w.s.h.BeanNameUrlHandlerMapping      : Rejected bean name 'org.springframework.context.annotation.internalAutowiredAnnotationProcessor': no URL paths identified
2019-01-15 15:16:25.148 DEBUG 73 --- [main] o.s.w.s.h.BeanNameUrlHandlerMapping      : Rejected bean name 'org.springframework.context.annotation.internalRequiredAnnotationProcessor': no URL paths identified
2019-01-15 15:16:25.148 DEBUG 73 --- [main] o.s.w.s.h.BeanNameUrlHandlerMapping      : Rejected bean name 'org.springframework.context.annotation.internalCommonAnnotationProcessor': no URL paths identified
2019-01-15 15:16:25.150 DEBUG 73 --- [main] o.s.w.s.h.BeanNameUrlHandlerMapping      : Rejected bean name 'org.springframework.context.event.internalEventListenerProcessor': no URL paths identified
2019-01-15 15:16:25.152 DEBUG 73 --- [main] o.s.w.s.h.BeanNameUrlHandlerMapping      : Rejected bean name 'org.springframework.context.event.internalEventListenerFactory': no URL paths identified
2019-01-15 15:16:25.152 DEBUG 73 --- [main] o.s.w.s.h.BeanNameUrlHandlerMapping      : Rejected bean name 'application': no URL paths identified
2019-01-15 15:16:25.153 DEBUG 73 --- [main] o.s.w.s.h.BeanNameUrlHandlerMapping      : Rejected bean name 'org.springframework.boot.autoconfigure.internalCachingMetadataReaderFactory': no URL paths identified
2019-01-15 15:16:25.154 DEBUG 73 --- [main] o.s.w.s.h.BeanNameUrlHandlerMapping      : Rejected bean name 'universalIdGenerator': no URL paths identified
2019-01-15 15:16:25.155 DEBUG 73 --- [main] o.s.w.s.h.BeanNameUrlHandlerMapping      : Rejected bean name 'webConfig': no URL paths identified
2019-01-15 15:16:25.155 DEBUG 73 --- [main] o.s.w.s.h.BeanNameUrlHandlerMapping      : Rejected bean name 'errorController': no URL paths identified
2019-01-15 15:16:25.156 DEBUG 73 --- [main] o.s.w.s.h.BeanNameUrlHandlerMapping      : Rejected bean name 'filePathHelper': no URL paths identified
2019-01-15 15:16:25.159 DEBUG 73 --- [main] o.s.w.s.h.BeanNameUrlHandlerMapping      : Rejected bean name 'packageController': no URL paths identified
2019-01-15 15:16:25.162 DEBUG 73 --- [main] o.s.w.s.h.BeanNameUrlHandlerMapping      : Rejected bean name 'packageFileHandler': no URL paths identified
2019-01-15 15:16:25.163 DEBUG 73 --- [main] o.s.w.s.h.BeanNameUrlHandlerMapping      : Rejected bean name 'packageService': no URL paths identified
2019-01-15 15:16:25.163 DEBUG 73 --- [main] o.s.w.s.h.BeanNameUrlHandlerMapping      : Rejected bean name 'packageZipService': no URL paths identified
2019-01-15 15:16:25.164 DEBUG 73 --- [main] o.s.w.s.h.BeanNameUrlHandlerMapping      : Rejected bean name 'shibbolethAttributeController': no URL paths identified
2019-01-15 15:16:25.164 DEBUG 73 --- [main] o.s.w.s.h.BeanNameUrlHandlerMapping      : Rejected bean name 'shibbolethUserService': no URL paths identified
2019-01-15 15:16:25.165 DEBUG 73 --- [main] o.s.w.s.h.BeanNameUrlHandlerMapping      : Rejected bean name 'UTF8Encoder': no URL paths identified
2019-01-15 15:16:25.165 DEBUG 73 --- [main] o.s.w.s.h.BeanNameUrlHandlerMapping      : Rejected bean name 'org.springframework.boot.autoconfigure.AutoConfigurationPackages': no URL paths identified
2019-01-15 15:16:25.166 DEBUG 73 --- [main] o.s.w.s.h.BeanNameUrlHandlerMapping      : Rejected bean name 'org.springframework.cache.annotation.ProxyCachingConfiguration': no URL paths identified
2019-01-15 15:16:25.168 DEBUG 73 --- [main] o.s.w.s.h.BeanNameUrlHandlerMapping      : Rejected bean name 'org.springframework.cache.config.internalCacheAdvisor': no URL paths identified
2019-01-15 15:16:25.170 DEBUG 73 --- [main] o.s.w.s.h.BeanNameUrlHandlerMapping      : Rejected bean name 'cacheOperationSource': no URL paths identified
2019-01-15 15:16:25.172 DEBUG 73 --- [main] o.s.w.s.h.BeanNameUrlHandlerMapping      : Rejected bean name 'cacheInterceptor': no URL paths identified
2019-01-15 15:16:25.172 DEBUG 73 --- [main] o.s.w.s.h.BeanNameUrlHandlerMapping      : Rejected bean name 'org.springframework.aop.config.internalAutoProxyCreator': no URL paths identified
2019-01-15 15:16:25.183 DEBUG 73 --- [main] o.s.w.s.h.BeanNameUrlHandlerMapping      : Rejected bean name 'org.springframework.boot.autoconfigure.context.PropertyPlaceholderAutoConfiguration': no URL paths identified
2019-01-15 15:16:25.195 DEBUG 73 --- [main] o.s.w.s.h.BeanNameUrlHandlerMapping      : Rejected bean name 'org.springframework.boot.autoconfigure.condition.BeanTypeRegistry': no URL paths identified
2019-01-15 15:16:25.201 DEBUG 73 --- [main] o.s.w.s.h.BeanNameUrlHandlerMapping      : Rejected bean name 'propertySourcesPlaceholderConfigurer': no URL paths identified
2019-01-15 15:16:25.203 DEBUG 73 --- [main] o.s.w.s.h.BeanNameUrlHandlerMapping      : Rejected bean name 'org.springframework.boot.autoconfigure.websocket.servlet.WebSocketServletAutoConfiguration$TomcatWebSocketConfiguration': no URL paths identified
2019-01-15 15:16:25.205 DEBUG 73 --- [main] o.s.w.s.h.BeanNameUrlHandlerMapping      : Rejected bean name 'websocketContainerCustomizer': no URL paths identified
2019-01-15 15:16:25.206 DEBUG 73 --- [main] o.s.w.s.h.BeanNameUrlHandlerMapping      : Rejected bean name 'org.springframework.boot.autoconfigure.websocket.servlet.WebSocketServletAutoConfiguration': no URL paths identified
2019-01-15 15:16:25.209 DEBUG 73 --- [main] o.s.w.s.h.BeanNameUrlHandlerMapping      : Rejected bean name 'org.springframework.boot.autoconfigure.web.servlet.ServletWebServerFactoryConfiguration$EmbeddedTomcat': no URL paths identified
2019-01-15 15:16:25.211 DEBUG 73 --- [main] o.s.w.s.h.BeanNameUrlHandlerMapping      : Rejected bean name 'tomcatServletWebServerFactory': no URL paths identified
2019-01-15 15:16:25.214 DEBUG 73 --- [main] o.s.w.s.h.BeanNameUrlHandlerMapping      : Rejected bean name 'org.springframework.boot.autoconfigure.web.servlet.ServletWebServerFactoryAutoConfiguration': no URL paths identified
2019-01-15 15:16:25.214 DEBUG 73 --- [main] o.s.w.s.h.BeanNameUrlHandlerMapping      : Rejected bean name 'servletWebServerFactoryCustomizer': no URL paths identified
2019-01-15 15:16:25.215 DEBUG 73 --- [main] o.s.w.s.h.BeanNameUrlHandlerMapping      : Rejected bean name 'tomcatServletWebServerFactoryCustomizer': no URL paths identified
2019-01-15 15:16:25.217 DEBUG 73 --- [main] o.s.w.s.h.BeanNameUrlHandlerMapping      : Rejected bean name 'server-org.springframework.boot.autoconfigure.web.ServerProperties': no URL paths identified
2019-01-15 15:16:25.218 DEBUG 73 --- [main] o.s.w.s.h.BeanNameUrlHandlerMapping      : Rejected bean name 'org.springframework.boot.context.properties.ConfigurationPropertiesBindingPostProcessor': no URL paths identified
2019-01-15 15:16:25.219 DEBUG 73 --- [main] o.s.w.s.h.BeanNameUrlHandlerMapping      : Rejected bean name 'org.springframework.boot.context.properties.ConfigurationBeanFactoryMetadata': no URL paths identified
2019-01-15 15:16:25.225 DEBUG 73 --- [main] o.s.w.s.h.BeanNameUrlHandlerMapping      : Rejected bean name 'webServerFactoryCustomizerBeanPostProcessor': no URL paths identified
2019-01-15 15:16:25.225 DEBUG 73 --- [main] o.s.w.s.h.BeanNameUrlHandlerMapping      : Rejected bean name 'errorPageRegistrarBeanPostProcessor': no URL paths identified
2019-01-15 15:16:25.226 DEBUG 73 --- [main] o.s.w.s.h.BeanNameUrlHandlerMapping      : Rejected bean name 'org.springframework.boot.autoconfigure.web.servlet.DispatcherServletAutoConfiguration$DispatcherServletConfiguration': no URL paths identified
2019-01-15 15:16:25.226 DEBUG 73 --- [main] o.s.w.s.h.BeanNameUrlHandlerMapping      : Rejected bean name 'dispatcherServlet': no URL paths identified
2019-01-15 15:16:25.227 DEBUG 73 --- [main] o.s.w.s.h.BeanNameUrlHandlerMapping      : Rejected bean name 'spring.mvc-org.springframework.boot.autoconfigure.web.servlet.WebMvcProperties': no URL paths identified
2019-01-15 15:16:25.237 DEBUG 73 --- [main] o.s.w.s.h.BeanNameUrlHandlerMapping      : Rejected bean name 'org.springframework.boot.autoconfigure.web.servlet.DispatcherServletAutoConfiguration$DispatcherServletRegistrationConfiguration': no URL paths identified
2019-01-15 15:16:25.238 DEBUG 73 --- [main] o.s.w.s.h.BeanNameUrlHandlerMapping      : Rejected bean name 'dispatcherServletRegistration': no URL paths identified
2019-01-15 15:16:25.239 DEBUG 73 --- [main] o.s.w.s.h.BeanNameUrlHandlerMapping      : Rejected bean name 'org.springframework.boot.autoconfigure.web.servlet.DispatcherServletAutoConfiguration': no URL paths identified
2019-01-15 15:16:25.240 DEBUG 73 --- [main] o.s.w.s.h.BeanNameUrlHandlerMapping      : Rejected bean name 'org.springframework.boot.autoconfigure.validation.ValidationAutoConfiguration': no URL paths identified
2019-01-15 15:16:25.240 DEBUG 73 --- [main] o.s.w.s.h.BeanNameUrlHandlerMapping      : Rejected bean name 'defaultValidator': no URL paths identified
2019-01-15 15:16:25.241 DEBUG 73 --- [main] o.s.w.s.h.BeanNameUrlHandlerMapping      : Rejected bean name 'methodValidationPostProcessor': no URL paths identified
2019-01-15 15:16:25.248 DEBUG 73 --- [main] o.s.w.s.h.BeanNameUrlHandlerMapping      : Rejected bean name 'org.springframework.boot.autoconfigure.web.servlet.error.ErrorMvcAutoConfiguration$WhitelabelErrorViewConfiguration': no URL paths identified
2019-01-15 15:16:25.251 DEBUG 73 --- [main] o.s.w.s.h.BeanNameUrlHandlerMapping      : Rejected bean name 'error': no URL paths identified
2019-01-15 15:16:25.252 DEBUG 73 --- [main] o.s.w.s.h.BeanNameUrlHandlerMapping      : Rejected bean name 'beanNameViewResolver': no URL paths identified
2019-01-15 15:16:25.252 DEBUG 73 --- [main] o.s.w.s.h.BeanNameUrlHandlerMapping      : Rejected bean name 'org.springframework.boot.autoconfigure.web.servlet.error.ErrorMvcAutoConfiguration$DefaultErrorViewResolverConfiguration': no URL paths identified
2019-01-15 15:16:25.253 DEBUG 73 --- [main] o.s.w.s.h.BeanNameUrlHandlerMapping      : Rejected bean name 'conventionErrorViewResolver': no URL paths identified
2019-01-15 15:16:25.253 DEBUG 73 --- [main] o.s.w.s.h.BeanNameUrlHandlerMapping      : Rejected bean name 'org.springframework.boot.autoconfigure.web.servlet.error.ErrorMvcAutoConfiguration': no URL paths identified
2019-01-15 15:16:25.254 DEBUG 73 --- [main] o.s.w.s.h.BeanNameUrlHandlerMapping      : Rejected bean name 'errorAttributes': no URL paths identified
2019-01-15 15:16:25.255 DEBUG 73 --- [main] o.s.w.s.h.BeanNameUrlHandlerMapping      : Rejected bean name 'basicErrorController': no URL paths identified
2019-01-15 15:16:25.256 DEBUG 73 --- [main] o.s.w.s.h.BeanNameUrlHandlerMapping      : Rejected bean name 'errorPageCustomizer': no URL paths identified
2019-01-15 15:16:25.256 DEBUG 73 --- [main] o.s.w.s.h.BeanNameUrlHandlerMapping      : Rejected bean name 'preserveErrorControllerTargetClassPostProcessor': no URL paths identified
2019-01-15 15:16:25.256 DEBUG 73 --- [main] o.s.w.s.h.BeanNameUrlHandlerMapping      : Rejected bean name 'spring.resources-org.springframework.boot.autoconfigure.web.ResourceProperties': no URL paths identified
2019-01-15 15:16:25.257 DEBUG 73 --- [main] o.s.w.s.h.BeanNameUrlHandlerMapping      : Rejected bean name 'org.springframework.boot.autoconfigure.web.servlet.WebMvcAutoConfiguration$WebMvcAutoConfigurationAdapter$FaviconConfiguration': no URL paths identified
2019-01-15 15:16:25.258 DEBUG 73 --- [main] o.s.w.s.h.BeanNameUrlHandlerMapping      : Rejected bean name 'faviconHandlerMapping': no URL paths identified
2019-01-15 15:16:25.259 DEBUG 73 --- [main] o.s.w.s.h.BeanNameUrlHandlerMapping      : Rejected bean name 'faviconRequestHandler': no URL paths identified
2019-01-15 15:16:25.260 DEBUG 73 --- [main] o.s.w.s.h.BeanNameUrlHandlerMapping      : Rejected bean name 'org.springframework.boot.autoconfigure.web.servlet.WebMvcAutoConfiguration$EnableWebMvcConfiguration': no URL paths identified
2019-01-15 15:16:25.260 DEBUG 73 --- [main] o.s.w.s.h.BeanNameUrlHandlerMapping      : Rejected bean name 'requestMappingHandlerAdapter': no URL paths identified
2019-01-15 15:16:25.260 DEBUG 73 --- [main] o.s.w.s.h.BeanNameUrlHandlerMapping      : Rejected bean name 'requestMappingHandlerMapping': no URL paths identified
2019-01-15 15:16:25.261 DEBUG 73 --- [main] o.s.w.s.h.BeanNameUrlHandlerMapping      : Rejected bean name 'mvcConversionService': no URL paths identified
2019-01-15 15:16:25.266 DEBUG 73 --- [main] o.s.w.s.h.BeanNameUrlHandlerMapping      : Rejected bean name 'mvcValidator': no URL paths identified
2019-01-15 15:16:25.267 DEBUG 73 --- [main] o.s.w.s.h.BeanNameUrlHandlerMapping      : Rejected bean name 'mvcContentNegotiationManager': no URL paths identified
2019-01-15 15:16:25.268 DEBUG 73 --- [main] o.s.w.s.h.BeanNameUrlHandlerMapping      : Rejected bean name 'mvcPathMatcher': no URL paths identified
2019-01-15 15:16:25.268 DEBUG 73 --- [main] o.s.w.s.h.BeanNameUrlHandlerMapping      : Rejected bean name 'mvcUrlPathHelper': no URL paths identified
2019-01-15 15:16:25.269 DEBUG 73 --- [main] o.s.w.s.h.BeanNameUrlHandlerMapping      : Rejected bean name 'viewControllerHandlerMapping': no URL paths identified
2019-01-15 15:16:25.270 DEBUG 73 --- [main] o.s.w.s.h.BeanNameUrlHandlerMapping      : Rejected bean name 'beanNameHandlerMapping': no URL paths identified
2019-01-15 15:16:25.271 DEBUG 73 --- [main] o.s.w.s.h.BeanNameUrlHandlerMapping      : Rejected bean name 'resourceHandlerMapping': no URL paths identified
2019-01-15 15:16:25.272 DEBUG 73 --- [main] o.s.w.s.h.BeanNameUrlHandlerMapping      : Rejected bean name 'mvcResourceUrlProvider': no URL paths identified
2019-01-15 15:16:25.278 DEBUG 73 --- [main] o.s.w.s.h.BeanNameUrlHandlerMapping      : Rejected bean name 'defaultServletHandlerMapping': no URL paths identified
2019-01-15 15:16:25.285 DEBUG 73 --- [main] o.s.w.s.h.BeanNameUrlHandlerMapping      : Rejected bean name 'mvcUriComponentsContributor': no URL paths identified
2019-01-15 15:16:25.302 DEBUG 73 --- [main] o.s.w.s.h.BeanNameUrlHandlerMapping      : Rejected bean name 'httpRequestHandlerAdapter': no URL paths identified
2019-01-15 15:16:25.304 DEBUG 73 --- [main] o.s.w.s.h.BeanNameUrlHandlerMapping      : Rejected bean name 'simpleControllerHandlerAdapter': no URL paths identified
2019-01-15 15:16:25.310 DEBUG 73 --- [main] o.s.w.s.h.BeanNameUrlHandlerMapping      : Rejected bean name 'handlerExceptionResolver': no URL paths identified
2019-01-15 15:16:25.311 DEBUG 73 --- [main] o.s.w.s.h.BeanNameUrlHandlerMapping      : Rejected bean name 'mvcViewResolver': no URL paths identified
2019-01-15 15:16:25.312 DEBUG 73 --- [main] o.s.w.s.h.BeanNameUrlHandlerMapping      : Rejected bean name 'mvcHandlerMappingIntrospector': no URL paths identified
2019-01-15 15:16:25.313 DEBUG 73 --- [main] o.s.w.s.h.BeanNameUrlHandlerMapping      : Rejected bean name 'org.springframework.boot.autoconfigure.web.servlet.WebMvcAutoConfiguration$WebMvcAutoConfigurationAdapter': no URL paths identified
2019-01-15 15:16:25.313 DEBUG 73 --- [main] o.s.w.s.h.BeanNameUrlHandlerMapping      : Rejected bean name 'defaultViewResolver': no URL paths identified
2019-01-15 15:16:25.314 DEBUG 73 --- [main] o.s.w.s.h.BeanNameUrlHandlerMapping      : Rejected bean name 'viewResolver': no URL paths identified
2019-01-15 15:16:25.314 DEBUG 73 --- [main] o.s.w.s.h.BeanNameUrlHandlerMapping      : Rejected bean name 'welcomePageHandlerMapping': no URL paths identified
2019-01-15 15:16:25.315 DEBUG 73 --- [main] o.s.w.s.h.BeanNameUrlHandlerMapping      : Rejected bean name 'requestContextFilter': no URL paths identified
2019-01-15 15:16:25.316 DEBUG 73 --- [main] o.s.w.s.h.BeanNameUrlHandlerMapping      : Rejected bean name 'org.springframework.boot.autoconfigure.web.servlet.WebMvcAutoConfiguration': no URL paths identified
2019-01-15 15:16:25.316 DEBUG 73 --- [main] o.s.w.s.h.BeanNameUrlHandlerMapping      : Rejected bean name 'hiddenHttpMethodFilter': no URL paths identified
2019-01-15 15:16:25.317 DEBUG 73 --- [main] o.s.w.s.h.BeanNameUrlHandlerMapping      : Rejected bean name 'httpPutFormContentFilter': no URL paths identified
2019-01-15 15:16:25.317 DEBUG 73 --- [main] o.s.w.s.h.BeanNameUrlHandlerMapping      : Rejected bean name 'org.springframework.boot.autoconfigure.jmx.JmxAutoConfiguration': no URL paths identified
2019-01-15 15:16:25.318 DEBUG 73 --- [main] o.s.w.s.h.BeanNameUrlHandlerMapping      : Rejected bean name 'mbeanExporter': no URL paths identified
2019-01-15 15:16:25.318 DEBUG 73 --- [main] o.s.w.s.h.BeanNameUrlHandlerMapping      : Rejected bean name 'objectNamingStrategy': no URL paths identified
2019-01-15 15:16:25.318 DEBUG 73 --- [main] o.s.w.s.h.BeanNameUrlHandlerMapping      : Rejected bean name 'mbeanServer': no URL paths identified
2019-01-15 15:16:25.319 DEBUG 73 --- [main] o.s.w.s.h.BeanNameUrlHandlerMapping      : Rejected bean name 'org.springframework.boot.autoconfigure.cache.SimpleCacheConfiguration': no URL paths identified
2019-01-15 15:16:25.319 DEBUG 73 --- [main] o.s.w.s.h.BeanNameUrlHandlerMapping      : Rejected bean name 'cacheManager': no URL paths identified
2019-01-15 15:16:25.320 DEBUG 73 --- [main] o.s.w.s.h.BeanNameUrlHandlerMapping      : Rejected bean name 'org.springframework.boot.autoconfigure.cache.CacheAutoConfiguration': no URL paths identified
2019-01-15 15:16:25.320 DEBUG 73 --- [main] o.s.w.s.h.BeanNameUrlHandlerMapping      : Rejected bean name 'cacheManagerCustomizers': no URL paths identified
2019-01-15 15:16:25.320 DEBUG 73 --- [main] o.s.w.s.h.BeanNameUrlHandlerMapping      : Rejected bean name 'cacheAutoConfigurationValidatorPostProcessor': no URL paths identified
2019-01-15 15:16:25.321 DEBUG 73 --- [main] o.s.w.s.h.BeanNameUrlHandlerMapping      : Rejected bean name 'cacheAutoConfigurationValidator': no URL paths identified
2019-01-15 15:16:25.322 DEBUG 73 --- [main] o.s.w.s.h.BeanNameUrlHandlerMapping      : Rejected bean name 'spring.cache-org.springframework.boot.autoconfigure.cache.CacheProperties': no URL paths identified
2019-01-15 15:16:25.334 DEBUG 73 --- [main] o.s.w.s.h.BeanNameUrlHandlerMapping      : Rejected bean name 'org.springframework.boot.autoconfigure.context.ConfigurationPropertiesAutoConfiguration': no URL paths identified
2019-01-15 15:16:25.335 DEBUG 73 --- [main] o.s.w.s.h.BeanNameUrlHandlerMapping      : Rejected bean name 'org.springframework.boot.autoconfigure.dao.PersistenceExceptionTranslationAutoConfiguration': no URL paths identified
2019-01-15 15:16:25.336 DEBUG 73 --- [main] o.s.w.s.h.BeanNameUrlHandlerMapping      : Rejected bean name 'persistenceExceptionTranslationPostProcessor': no URL paths identified
2019-01-15 15:16:25.337 DEBUG 73 --- [main] o.s.w.s.h.BeanNameUrlHandlerMapping      : Rejected bean name 'org.springframework.boot.autoconfigure.mongo.MongoAutoConfiguration': no URL paths identified
2019-01-15 15:16:25.337 DEBUG 73 --- [main] o.s.w.s.h.BeanNameUrlHandlerMapping      : Rejected bean name 'mongo': no URL paths identified
2019-01-15 15:16:25.338 DEBUG 73 --- [main] o.s.w.s.h.BeanNameUrlHandlerMapping      : Rejected bean name 'spring.data.mongodb-org.springframework.boot.autoconfigure.mongo.MongoProperties': no URL paths identified
2019-01-15 15:16:25.340 DEBUG 73 --- [main] o.s.w.s.h.BeanNameUrlHandlerMapping      : Rejected bean name 'org.springframework.boot.autoconfigure.data.mongo.MongoDataAutoConfiguration': no URL paths identified
2019-01-15 15:16:25.342 DEBUG 73 --- [main] o.s.w.s.h.BeanNameUrlHandlerMapping      : Rejected bean name 'mongoDbFactory': no URL paths identified
2019-01-15 15:16:25.343 DEBUG 73 --- [main] o.s.w.s.h.BeanNameUrlHandlerMapping      : Rejected bean name 'mongoTemplate': no URL paths identified
2019-01-15 15:16:25.344 DEBUG 73 --- [main] o.s.w.s.h.BeanNameUrlHandlerMapping      : Rejected bean name 'mappingMongoConverter': no URL paths identified
2019-01-15 15:16:25.345 DEBUG 73 --- [main] o.s.w.s.h.BeanNameUrlHandlerMapping      : Rejected bean name 'mongoMappingContext': no URL paths identified
2019-01-15 15:16:25.346 DEBUG 73 --- [main] o.s.w.s.h.BeanNameUrlHandlerMapping      : Rejected bean name 'gridFsTemplate': no URL paths identified
2019-01-15 15:16:25.347 DEBUG 73 --- [main] o.s.w.s.h.BeanNameUrlHandlerMapping      : Rejected bean name 'mongoCustomConversions': no URL paths identified
2019-01-15 15:16:25.347 DEBUG 73 --- [main] o.s.w.s.h.BeanNameUrlHandlerMapping      : Rejected bean name 'org.springframework.boot.autoconfigure.data.mongo.MongoRepositoriesAutoConfiguration': no URL paths identified
2019-01-15 15:16:25.348 DEBUG 73 --- [main] o.s.w.s.h.BeanNameUrlHandlerMapping      : Rejected bean name 'userRepository': no URL paths identified
2019-01-15 15:16:25.348 DEBUG 73 --- [main] o.s.w.s.h.BeanNameUrlHandlerMapping      : Rejected bean name 'packageRepository': no URL paths identified
2019-01-15 15:16:25.349 DEBUG 73 --- [main] o.s.w.s.h.BeanNameUrlHandlerMapping      : Rejected bean name 'org.springframework.boot.autoconfigure.jackson.JacksonAutoConfiguration$Jackson2ObjectMapperBuilderCustomizerConfiguration': no URL paths identified
2019-01-15 15:16:25.349 DEBUG 73 --- [main] o.s.w.s.h.BeanNameUrlHandlerMapping      : Rejected bean name 'standardJacksonObjectMapperBuilderCustomizer': no URL paths identified
2019-01-15 15:16:25.350 DEBUG 73 --- [main] o.s.w.s.h.BeanNameUrlHandlerMapping      : Rejected bean name 'spring.jackson-org.springframework.boot.autoconfigure.jackson.JacksonProperties': no URL paths identified
2019-01-15 15:16:25.350 DEBUG 73 --- [main] o.s.w.s.h.BeanNameUrlHandlerMapping      : Rejected bean name 'org.springframework.boot.autoconfigure.jackson.JacksonAutoConfiguration$JacksonObjectMapperBuilderConfiguration': no URL paths identified
2019-01-15 15:16:25.351 DEBUG 73 --- [main] o.s.w.s.h.BeanNameUrlHandlerMapping      : Rejected bean name 'jacksonObjectMapperBuilder': no URL paths identified
2019-01-15 15:16:25.351 DEBUG 73 --- [main] o.s.w.s.h.BeanNameUrlHandlerMapping      : Rejected bean name 'org.springframework.boot.autoconfigure.jackson.JacksonAutoConfiguration$ParameterNamesModuleConfiguration': no URL paths identified
2019-01-15 15:16:25.352 DEBUG 73 --- [main] o.s.w.s.h.BeanNameUrlHandlerMapping      : Rejected bean name 'parameterNamesModule': no URL paths identified
2019-01-15 15:16:25.352 DEBUG 73 --- [main] o.s.w.s.h.BeanNameUrlHandlerMapping      : Rejected bean name 'org.springframework.boot.autoconfigure.jackson.JacksonAutoConfiguration$JacksonObjectMapperConfiguration': no URL paths identified
2019-01-15 15:16:25.353 DEBUG 73 --- [main] o.s.w.s.h.BeanNameUrlHandlerMapping      : Rejected bean name 'jacksonObjectMapper': no URL paths identified
2019-01-15 15:16:25.353 DEBUG 73 --- [main] o.s.w.s.h.BeanNameUrlHandlerMapping      : Rejected bean name 'org.springframework.boot.autoconfigure.jackson.JacksonAutoConfiguration': no URL paths identified
2019-01-15 15:16:25.354 DEBUG 73 --- [main] o.s.w.s.h.BeanNameUrlHandlerMapping      : Rejected bean name 'jsonComponentModule': no URL paths identified
2019-01-15 15:16:25.354 DEBUG 73 --- [main] o.s.w.s.h.BeanNameUrlHandlerMapping      : Rejected bean name 'org.springframework.boot.autoconfigure.http.HttpMessageConvertersAutoConfiguration$StringHttpMessageConverterConfiguration': no URL paths identified
2019-01-15 15:16:25.354 DEBUG 73 --- [main] o.s.w.s.h.BeanNameUrlHandlerMapping      : Rejected bean name 'stringHttpMessageConverter': no URL paths identified
2019-01-15 15:16:25.355 DEBUG 73 --- [main] o.s.w.s.h.BeanNameUrlHandlerMapping      : Rejected bean name 'spring.http.encoding-org.springframework.boot.autoconfigure.http.HttpEncodingProperties': no URL paths identified
2019-01-15 15:16:25.356 DEBUG 73 --- [main] o.s.w.s.h.BeanNameUrlHandlerMapping      : Rejected bean name 'org.springframework.boot.autoconfigure.http.JacksonHttpMessageConvertersConfiguration$MappingJackson2HttpMessageConverterConfiguration': no URL paths identified
2019-01-15 15:16:25.357 DEBUG 73 --- [main] o.s.w.s.h.BeanNameUrlHandlerMapping      : Rejected bean name 'mappingJackson2HttpMessageConverter': no URL paths identified
2019-01-15 15:16:25.361 DEBUG 73 --- [main] o.s.w.s.h.BeanNameUrlHandlerMapping      : Rejected bean name 'org.springframework.boot.autoconfigure.http.JacksonHttpMessageConvertersConfiguration': no URL paths identified
2019-01-15 15:16:25.362 DEBUG 73 --- [main] o.s.w.s.h.BeanNameUrlHandlerMapping      : Rejected bean name 'org.springframework.boot.autoconfigure.http.HttpMessageConvertersAutoConfiguration': no URL paths identified
2019-01-15 15:16:25.362 DEBUG 73 --- [main] o.s.w.s.h.BeanNameUrlHandlerMapping      : Rejected bean name 'messageConverters': no URL paths identified
2019-01-15 15:16:25.363 DEBUG 73 --- [main] o.s.w.s.h.BeanNameUrlHandlerMapping      : Rejected bean name 'org.springframework.data.web.config.ProjectingArgumentResolverRegistrar': no URL paths identified
2019-01-15 15:16:25.363 DEBUG 73 --- [main] o.s.w.s.h.BeanNameUrlHandlerMapping      : Rejected bean name 'projectingArgumentResolverBeanPostProcessor': no URL paths identified
2019-01-15 15:16:25.364 DEBUG 73 --- [main] o.s.w.s.h.BeanNameUrlHandlerMapping      : Rejected bean name 'org.springframework.data.web.config.SpringDataWebConfiguration': no URL paths identified
2019-01-15 15:16:25.364 DEBUG 73 --- [main] o.s.w.s.h.BeanNameUrlHandlerMapping      : Rejected bean name 'pageableResolver': no URL paths identified
2019-01-15 15:16:25.365 DEBUG 73 --- [main] o.s.w.s.h.BeanNameUrlHandlerMapping      : Rejected bean name 'sortResolver': no URL paths identified
2019-01-15 15:16:25.365 DEBUG 73 --- [main] o.s.w.s.h.BeanNameUrlHandlerMapping      : Rejected bean name 'org.springframework.data.mongodb.config.GeoJsonConfiguration': no URL paths identified
2019-01-15 15:16:25.365 DEBUG 73 --- [main] o.s.w.s.h.BeanNameUrlHandlerMapping      : Rejected bean name 'geoJsonModule': no URL paths identified
2019-01-15 15:16:25.366 DEBUG 73 --- [main] o.s.w.s.h.BeanNameUrlHandlerMapping      : Rejected bean name 'org.springframework.data.web.config.SpringDataJacksonConfiguration': no URL paths identified
2019-01-15 15:16:25.367 DEBUG 73 --- [main] o.s.w.s.h.BeanNameUrlHandlerMapping      : Rejected bean name 'jacksonGeoModule': no URL paths identified
2019-01-15 15:16:25.368 DEBUG 73 --- [main] o.s.w.s.h.BeanNameUrlHandlerMapping      : Rejected bean name 'org.springframework.boot.autoconfigure.data.web.SpringDataWebAutoConfiguration': no URL paths identified
2019-01-15 15:16:25.369 DEBUG 73 --- [main] o.s.w.s.h.BeanNameUrlHandlerMapping      : Rejected bean name 'pageableCustomizer': no URL paths identified
2019-01-15 15:16:25.369 DEBUG 73 --- [main] o.s.w.s.h.BeanNameUrlHandlerMapping      : Rejected bean name 'sortCustomizer': no URL paths identified
2019-01-15 15:16:25.370 DEBUG 73 --- [main] o.s.w.s.h.BeanNameUrlHandlerMapping      : Rejected bean name 'spring.data.web-org.springframework.boot.autoconfigure.data.web.SpringDataWebProperties': no URL paths identified
2019-01-15 15:16:25.370 DEBUG 73 --- [main] o.s.w.s.h.BeanNameUrlHandlerMapping      : Rejected bean name 'org.springframework.boot.autoconfigure.http.codec.CodecsAutoConfiguration$JacksonCodecConfiguration': no URL paths identified
2019-01-15 15:16:25.371 DEBUG 73 --- [main] o.s.w.s.h.BeanNameUrlHandlerMapping      : Rejected bean name 'jacksonCodecCustomizer': no URL paths identified
2019-01-15 15:16:25.371 DEBUG 73 --- [main] o.s.w.s.h.BeanNameUrlHandlerMapping      : Rejected bean name 'org.springframework.boot.autoconfigure.http.codec.CodecsAutoConfiguration': no URL paths identified
2019-01-15 15:16:25.372 DEBUG 73 --- [main] o.s.w.s.h.BeanNameUrlHandlerMapping      : Rejected bean name 'org.springframework.boot.autoconfigure.info.ProjectInfoAutoConfiguration': no URL paths identified
2019-01-15 15:16:25.372 DEBUG 73 --- [main] o.s.w.s.h.BeanNameUrlHandlerMapping      : Rejected bean name 'spring.info-org.springframework.boot.autoconfigure.info.ProjectInfoProperties': no URL paths identified
2019-01-15 15:16:25.373 DEBUG 73 --- [main] o.s.w.s.h.BeanNameUrlHandlerMapping      : Rejected bean name 'org.springframework.boot.autoconfigure.security.reactive.ReactiveSecurityAutoConfiguration': no URL paths identified
2019-01-15 15:16:25.373 DEBUG 73 --- [main] o.s.w.s.h.BeanNameUrlHandlerMapping      : Rejected bean name 'spring.security-org.springframework.boot.autoconfigure.security.SecurityProperties': no URL paths identified
2019-01-15 15:16:25.374 DEBUG 73 --- [main] o.s.w.s.h.BeanNameUrlHandlerMapping      : Rejected bean name 'org.springframework.boot.autoconfigure.transaction.TransactionAutoConfiguration': no URL paths identified
2019-01-15 15:16:25.375 DEBUG 73 --- [main] o.s.w.s.h.BeanNameUrlHandlerMapping      : Rejected bean name 'platformTransactionManagerCustomizers': no URL paths identified
2019-01-15 15:16:25.376 DEBUG 73 --- [main] o.s.w.s.h.BeanNameUrlHandlerMapping      : Rejected bean name 'spring.transaction-org.springframework.boot.autoconfigure.transaction.TransactionProperties': no URL paths identified
2019-01-15 15:16:25.377 DEBUG 73 --- [main] o.s.w.s.h.BeanNameUrlHandlerMapping      : Rejected bean name 'org.springframework.boot.autoconfigure.web.client.RestTemplateAutoConfiguration': no URL paths identified
2019-01-15 15:16:25.383 DEBUG 73 --- [main] o.s.w.s.h.BeanNameUrlHandlerMapping      : Rejected bean name 'restTemplateBuilder': no URL paths identified
2019-01-15 15:16:25.384 DEBUG 73 --- [main] o.s.w.s.h.BeanNameUrlHandlerMapping      : Rejected bean name 'org.springframework.boot.autoconfigure.web.embedded.EmbeddedWebServerFactoryCustomizerAutoConfiguration$TomcatWebServerFactoryCustomizerConfiguration': no URL paths identified
2019-01-15 15:16:25.401 DEBUG 73 --- [main] o.s.w.s.h.BeanNameUrlHandlerMapping      : Rejected bean name 'tomcatWebServerFactoryCustomizer': no URL paths identified
2019-01-15 15:16:25.403 DEBUG 73 --- [main] o.s.w.s.h.BeanNameUrlHandlerMapping      : Rejected bean name 'org.springframework.boot.autoconfigure.web.embedded.EmbeddedWebServerFactoryCustomizerAutoConfiguration': no URL paths identified
2019-01-15 15:16:25.405 DEBUG 73 --- [main] o.s.w.s.h.BeanNameUrlHandlerMapping      : Rejected bean name 'org.springframework.boot.autoconfigure.web.servlet.HttpEncodingAutoConfiguration': no URL paths identified
2019-01-15 15:16:25.408 DEBUG 73 --- [main] o.s.w.s.h.BeanNameUrlHandlerMapping      : Rejected bean name 'characterEncodingFilter': no URL paths identified
2019-01-15 15:16:25.409 DEBUG 73 --- [main] o.s.w.s.h.BeanNameUrlHandlerMapping      : Rejected bean name 'localeCharsetMappingsCustomizer': no URL paths identified
2019-01-15 15:16:25.414 DEBUG 73 --- [main] o.s.w.s.h.BeanNameUrlHandlerMapping      : Rejected bean name 'org.springframework.boot.autoconfigure.web.servlet.MultipartAutoConfiguration': no URL paths identified
2019-01-15 15:16:25.417 DEBUG 73 --- [main] o.s.w.s.h.BeanNameUrlHandlerMapping      : Rejected bean name 'multipartConfigElement': no URL paths identified
2019-01-15 15:16:25.419 DEBUG 73 --- [main] o.s.w.s.h.BeanNameUrlHandlerMapping      : Rejected bean name 'multipartResolver': no URL paths identified
2019-01-15 15:16:25.420 DEBUG 73 --- [main] o.s.w.s.h.BeanNameUrlHandlerMapping      : Rejected bean name 'spring.servlet.multipart-org.springframework.boot.autoconfigure.web.servlet.MultipartProperties': no URL paths identified
2019-01-15 15:16:25.423 DEBUG 73 --- [main] o.s.w.s.h.BeanNameUrlHandlerMapping      : Rejected bean name 'autoConfigurationReport': no URL paths identified
2019-01-15 15:16:25.425 DEBUG 73 --- [main] o.s.w.s.h.BeanNameUrlHandlerMapping      : Rejected bean name 'org.springframework.boot.context.ContextIdApplicationContextInitializer$ContextId': no URL paths identified
2019-01-15 15:16:25.435 DEBUG 73 --- [main] o.s.w.s.h.BeanNameUrlHandlerMapping      : Rejected bean name 'springApplicationArguments': no URL paths identified
2019-01-15 15:16:25.436 DEBUG 73 --- [main] o.s.w.s.h.BeanNameUrlHandlerMapping      : Rejected bean name 'springBootBanner': no URL paths identified
2019-01-15 15:16:25.440 DEBUG 73 --- [main] o.s.w.s.h.BeanNameUrlHandlerMapping      : Rejected bean name 'springBootLoggingSystem': no URL paths identified
2019-01-15 15:16:25.444 DEBUG 73 --- [main] o.s.w.s.h.BeanNameUrlHandlerMapping      : Rejected bean name 'environment': no URL paths identified
2019-01-15 15:16:25.445 DEBUG 73 --- [main] o.s.w.s.h.BeanNameUrlHandlerMapping      : Rejected bean name 'systemProperties': no URL paths identified
2019-01-15 15:16:25.448 DEBUG 73 --- [main] o.s.w.s.h.BeanNameUrlHandlerMapping      : Rejected bean name 'systemEnvironment': no URL paths identified
2019-01-15 15:16:25.451 DEBUG 73 --- [main] o.s.w.s.h.BeanNameUrlHandlerMapping      : Rejected bean name 'org.springframework.context.annotation.ConfigurationClassPostProcessor.importRegistry': no URL paths identified
2019-01-15 15:16:25.453 DEBUG 73 --- [main] o.s.w.s.h.BeanNameUrlHandlerMapping      : Rejected bean name 'messageSource': no URL paths identified
2019-01-15 15:16:25.457 DEBUG 73 --- [main] o.s.w.s.h.BeanNameUrlHandlerMapping      : Rejected bean name 'applicationEventMulticaster': no URL paths identified
2019-01-15 15:16:25.458 DEBUG 73 --- [main] o.s.w.s.h.BeanNameUrlHandlerMapping      : Rejected bean name 'servletContext': no URL paths identified
2019-01-15 15:16:25.459 DEBUG 73 --- [main] o.s.w.s.h.BeanNameUrlHandlerMapping      : Rejected bean name 'contextParameters': no URL paths identified
2019-01-15 15:16:25.463 DEBUG 73 --- [main] o.s.w.s.h.BeanNameUrlHandlerMapping      : Rejected bean name 'contextAttributes': no URL paths identified
2019-01-15 15:16:25.532  INFO 73 --- [main] o.s.w.s.handler.SimpleUrlHandlerMapping  : Mapped URL path [/webjars/**] onto handler of type [class org.springframework.web.servlet.resource.ResourceHttpRequestHandler]
2019-01-15 15:16:25.533  INFO 73 --- [main] o.s.w.s.handler.SimpleUrlHandlerMapping  : Mapped URL path [/**] onto handler of type [class org.springframework.web.servlet.resource.ResourceHttpRequestHandler]
2019-01-15 15:16:25.570 DEBUG 73 --- [main] .m.m.a.ExceptionHandlerExceptionResolver : Looking for exception mappings: org.springframework.boot.web.servlet.context.AnnotationConfigServletWebServerApplicationContext@64cd705f: startup date [Tue Jan 15 15:16:14 GMT 2019]; root of context hierarchy
2019-01-15 15:16:26.124  INFO 73 --- [main] o.s.j.e.a.AnnotationMBeanExporter        : Registering beans for JMX exposure on startup
2019-01-15 15:16:26.155 DEBUG 73 --- [main] o.s.w.s.resource.ResourceUrlProvider     : Looking for resource handler mappings
2019-01-15 15:16:26.158 DEBUG 73 --- [main] o.s.w.s.resource.ResourceUrlProvider     : Found resource handler mapping: URL pattern="/**/favicon.ico", locations=[class path resource [META-INF/resources/], class path resource [resources/], class path resource [static/], class path resource [public/], ServletContext resource [/], class path resource []], resolvers=[org.springframework.web.servlet.resource.PathResourceResolver@71d9cb05]
2019-01-15 15:16:26.159 DEBUG 73 --- [main] o.s.w.s.resource.ResourceUrlProvider     : Found resource handler mapping: URL pattern="/webjars/**", locations=[class path resource [META-INF/resources/webjars/]], resolvers=[org.springframework.web.servlet.resource.PathResourceResolver@17c2d509]
2019-01-15 15:16:26.160 DEBUG 73 --- [main] o.s.w.s.resource.ResourceUrlProvider     : Found resource handler mapping: URL pattern="/**", locations=[class path resource [META-INF/resources/], class path resource [resources/], class path resource [static/], class path resource [public/], ServletContext resource [/]], resolvers=[org.springframework.web.servlet.resource.PathResourceResolver@36bf84e]
2019-01-15 15:16:26.261  INFO 73 --- [main] o.s.b.w.embedded.tomcat.TomcatWebServer  : Tomcat started on port(s): 3030 (http) with context path ''
2019-01-15 15:16:26.265 DEBUG 73 --- [main] o.s.w.c.s.StandardServletEnvironment     : Adding PropertySource 'server.ports' with highest search precedence
2019-01-15 15:16:26.285  INFO 73 --- [main] org.kpmp.Application                     : Started Application in 13.357 seconds (JVM running for 14.347)
2019-01-15 15:17:51.613 DEBUG 73 --- [http-nio-3030-exec-1] o.s.web.servlet.DispatcherServlet        : Initializing servlet 'dispatcherServlet'
2019-01-15 15:17:51.617  INFO 73 --- [http-nio-3030-exec-1] o.a.c.c.C.[Tomcat].[localhost].[/]       : Initializing Spring FrameworkServlet 'dispatcherServlet'
2019-01-15 15:17:51.618  INFO 73 --- [http-nio-3030-exec-1] o.s.web.servlet.DispatcherServlet        : FrameworkServlet 'dispatcherServlet': initialization started
2019-01-15 15:17:51.620 DEBUG 73 --- [http-nio-3030-exec-1] o.s.web.servlet.DispatcherServlet        : Using MultipartResolver [org.springframework.web.multipart.support.StandardServletMultipartResolver@77e5b9eb]
2019-01-15 15:17:51.654 DEBUG 73 --- [http-nio-3030-exec-1] o.s.web.servlet.DispatcherServlet        : Unable to locate LocaleResolver with name 'localeResolver': using default [org.springframework.web.servlet.i18n.AcceptHeaderLocaleResolver@1054a234]
2019-01-15 15:17:51.678 DEBUG 73 --- [http-nio-3030-exec-1] o.s.web.servlet.DispatcherServlet        : Unable to locate ThemeResolver with name 'themeResolver': using default [org.springframework.web.servlet.theme.FixedThemeResolver@509e7858]
2019-01-15 15:17:51.727 DEBUG 73 --- [http-nio-3030-exec-1] o.s.web.servlet.DispatcherServlet        : Unable to locate RequestToViewNameTranslator with name 'viewNameTranslator': using default [org.springframework.web.servlet.view.DefaultRequestToViewNameTranslator@70fb84f]
2019-01-15 15:17:51.760 DEBUG 73 --- [http-nio-3030-exec-1] o.s.web.servlet.DispatcherServlet        : Unable to locate FlashMapManager with name 'flashMapManager': using default [org.springframework.web.servlet.support.SessionFlashMapManager@3d634d40]
2019-01-15 15:17:51.777 DEBUG 73 --- [http-nio-3030-exec-1] o.s.web.servlet.DispatcherServlet        : Published WebApplicationContext of servlet 'dispatcherServlet' as ServletContext attribute with name [org.springframework.web.servlet.FrameworkServlet.CONTEXT.dispatcherServlet]
2019-01-15 15:17:51.778  INFO 73 --- [http-nio-3030-exec-1] o.s.web.servlet.DispatcherServlet        : FrameworkServlet 'dispatcherServlet': initialization completed in 159 ms
2019-01-15 15:17:51.779 DEBUG 73 --- [http-nio-3030-exec-1] o.s.web.servlet.DispatcherServlet        : Servlet 'dispatcherServlet' configured successfully
2019-01-15 15:17:51.841 DEBUG 73 --- [http-nio-3030-exec-2] o.s.web.servlet.DispatcherServlet        : DispatcherServlet with name 'dispatcherServlet' processing GET request for [/v1/packages]
2019-01-15 15:17:51.842 DEBUG 73 --- [http-nio-3030-exec-1] o.s.web.servlet.DispatcherServlet        : DispatcherServlet with name 'dispatcherServlet' processing GET request for [/v1/userInformation]
2019-01-15 15:17:51.854 DEBUG 73 --- [http-nio-3030-exec-1] s.w.s.m.m.a.RequestMappingHandlerMapping : Looking up handler method for path /v1/userInformation
2019-01-15 15:17:51.861 DEBUG 73 --- [http-nio-3030-exec-2] s.w.s.m.m.a.RequestMappingHandlerMapping : Looking up handler method for path /v1/packages
2019-01-15 15:17:51.861 DEBUG 73 --- [http-nio-3030-exec-1] s.w.s.m.m.a.RequestMappingHandlerMapping : Returning handler method [public org.kpmp.users.User org.kpmp.shibboleth.ShibbolethAttributeController.getAttributes(javax.servlet.http.HttpServletRequest) throws java.io.UnsupportedEncodingException]
2019-01-15 15:17:51.862 DEBUG 73 --- [http-nio-3030-exec-2] s.w.s.m.m.a.RequestMappingHandlerMapping : Returning handler method [public java.util.List<org.kpmp.packages.PackageView> org.kpmp.packages.PackageController.getAllPackages()]
2019-01-15 15:17:51.866 DEBUG 73 --- [http-nio-3030-exec-2] o.s.web.servlet.DispatcherServlet        : Last-Modified value for [/v1/packages] is: -1
2019-01-15 15:17:51.871 DEBUG 73 --- [http-nio-3030-exec-1] o.s.web.servlet.DispatcherServlet        : Last-Modified value for [/v1/userInformation] is: -1
2019-01-15 15:17:51.957  INFO 73 --- [http-nio-3030-exec-1] o.k.s.ShibbolethAttributeController      : Request|getAttributes
2019-01-15 15:17:52.272  INFO 73 --- [http-nio-3030-exec-2] org.mongodb.driver.connection            : Opened connection [connectionId{localValue:2, serverValue:24}] to mongodb:27017
2019-01-15 15:17:52.441 DEBUG 73 --- [http-nio-3030-exec-1] m.m.a.RequestResponseBodyMethodProcessor : Written [userId: null, firstName: , lastName: , displayName: , email: ] as "application/json" using [org.springframework.http.converter.json.MappingJackson2HttpMessageConverter@624a24f6]
2019-01-15 15:17:52.447 DEBUG 73 --- [http-nio-3030-exec-1] o.s.web.servlet.DispatcherServlet        : Null ModelAndView returned to DispatcherServlet with name 'dispatcherServlet': assuming HandlerAdapter completed request handling
2019-01-15 15:17:52.448 DEBUG 73 --- [http-nio-3030-exec-1] o.s.web.servlet.DispatcherServlet        : Successfully completed request
2019-01-15 15:17:52.750 DEBUG 73 --- [http-nio-3030-exec-2] m.m.a.RequestResponseBodyMethodProcessor : Written [[org.kpmp.packages.PackageView@474ca225, org.kpmp.packages.PackageView@7261a4bf, org.kpmp.packages.PackageView@7c7bdde3, org.kpmp.packages.PackageView@2eb0f298, org.kpmp.packages.PackageView@ccf20e1, org.kpmp.packages.PackageView@73f4399b, org.kpmp.packages.PackageView@51c266c3, org.kpmp.packages.PackageView@784f6a51, org.kpmp.packages.PackageView@df28591, org.kpmp.packages.PackageView@5f185d55, org.kpmp.packages.PackageView@1d2ecc0b, org.kpmp.packages.PackageView@1e30301d, org.kpmp.packages.PackageView@777e047]] as "application/json" using [org.springframework.http.converter.json.MappingJackson2HttpMessageConverter@624a24f6]
2019-01-15 15:17:52.751 DEBUG 73 --- [http-nio-3030-exec-2] o.s.web.servlet.DispatcherServlet        : Null ModelAndView returned to DispatcherServlet with name 'dispatcherServlet': assuming HandlerAdapter completed request handling
2019-01-15 15:17:52.752 DEBUG 73 --- [http-nio-3030-exec-2] o.s.web.servlet.DispatcherServlet        : Successfully completed request
2019-01-15 15:17:55.230 DEBUG 73 --- [http-nio-3030-exec-4] o.s.web.servlet.DispatcherServlet        : DispatcherServlet with name 'dispatcherServlet' processing POST request for [/v1/error]
2019-01-15 15:17:55.235 DEBUG 73 --- [http-nio-3030-exec-4] s.w.s.m.m.a.RequestMappingHandlerMapping : Looking up handler method for path /v1/error
2019-01-15 15:17:55.231 DEBUG 73 --- [http-nio-3030-exec-3] o.s.web.servlet.DispatcherServlet        : DispatcherServlet with name 'dispatcherServlet' processing POST request for [/v1/error]
2019-01-15 15:17:55.238 DEBUG 73 --- [http-nio-3030-exec-4] s.w.s.m.m.a.RequestMappingHandlerMapping : Returning handler method [public org.springframework.http.ResponseEntity<java.lang.Boolean> org.kpmp.error.ErrorController.logError(org.kpmp.error.FrontEndError) throws java.io.IOException]
2019-01-15 15:17:55.239 DEBUG 73 --- [http-nio-3030-exec-3] s.w.s.m.m.a.RequestMappingHandlerMapping : Looking up handler method for path /v1/error
2019-01-15 15:17:55.243 DEBUG 73 --- [http-nio-3030-exec-3] s.w.s.m.m.a.RequestMappingHandlerMapping : Returning handler method [public org.springframework.http.ResponseEntity<java.lang.Boolean> org.kpmp.error.ErrorController.logError(org.kpmp.error.FrontEndError) throws java.io.IOException]
2019-01-15 15:17:55.273 DEBUG 73 --- [http-nio-3030-exec-3] o.s.web.cors.DefaultCorsProcessor        : Skip CORS processing: request is from same origin
2019-01-15 15:17:55.273 DEBUG 73 --- [http-nio-3030-exec-4] o.s.web.cors.DefaultCorsProcessor        : Skip CORS processing: request is from same origin
2019-01-15 15:17:55.328 DEBUG 73 --- [http-nio-3030-exec-4] m.m.a.RequestResponseBodyMethodProcessor : Read [class org.kpmp.error.FrontEndError] as "application/json;charset=UTF-8" with [org.springframework.http.converter.json.MappingJackson2HttpMessageConverter@624a24f6]
2019-01-15 15:17:55.328 DEBUG 73 --- [http-nio-3030-exec-3] m.m.a.RequestResponseBodyMethodProcessor : Read [class org.kpmp.error.FrontEndError] as "application/json;charset=UTF-8" with [org.springframework.http.converter.json.MappingJackson2HttpMessageConverter@624a24f6]
2019-01-15 15:17:55.367 ERROR 73 --- [http-nio-3030-exec-3] org.kpmp.error.ErrorController           : uh oh with stacktrace: Error: uh oh
    at new t (http://localhost/static/js/main.df68f557.js:1:950252)
    at constructClassInstance (http://localhost/static/js/main.df68f557.js:1:401141)
    at beginWork (http://localhost/static/js/main.df68f557.js:1:413728)
    at i (http://localhost/static/js/main.df68f557.js:1:430083)
    at a (http://localhost/static/js/main.df68f557.js:1:430356)
    at E (http://localhost/static/js/main.df68f557.js:1:433307)
    at b (http://localhost/static/js/main.df68f557.js:1:432847)
    at y (http://localhost/static/js/main.df68f557.js:1:432684)
    at interactiveUpdates (http://localhost/static/js/main.df68f557.js:1:436486)
    at He (http://localhost/static/js/main.df68f557.js:1:393828)
2019-01-15 15:17:55.367 ERROR 73 --- [http-nio-3030-exec-4] org.kpmp.error.ErrorController           : uh oh with stacktrace: Error: uh oh
    at new t (http://localhost/static/js/main.df68f557.js:1:950252)
    at constructClassInstance (http://localhost/static/js/main.df68f557.js:1:401141)
    at beginWork (http://localhost/static/js/main.df68f557.js:1:413728)
    at i (http://localhost/static/js/main.df68f557.js:1:430083)
    at a (http://localhost/static/js/main.df68f557.js:1:430356)
    at E (http://localhost/static/js/main.df68f557.js:1:433307)
    at b (http://localhost/static/js/main.df68f557.js:1:432847)
    at y (http://localhost/static/js/main.df68f557.js:1:432684)
    at interactiveUpdates (http://localhost/static/js/main.df68f557.js:1:436486)
    at He (http://localhost/static/js/main.df68f557.js:1:393828)
2019-01-15 15:17:55.387 DEBUG 73 --- [http-nio-3030-exec-4] o.s.w.s.m.m.a.HttpEntityMethodProcessor  : Written [true] as "application/json" using [org.springframework.http.converter.json.MappingJackson2HttpMessageConverter@624a24f6]
2019-01-15 15:17:55.391 DEBUG 73 --- [http-nio-3030-exec-4] o.s.web.servlet.DispatcherServlet        : Null ModelAndView returned to DispatcherServlet with name 'dispatcherServlet': assuming HandlerAdapter completed request handling
2019-01-15 15:17:55.392 DEBUG 73 --- [http-nio-3030-exec-4] o.s.web.servlet.DispatcherServlet        : Successfully completed request
2019-01-15 15:17:55.395 DEBUG 73 --- [http-nio-3030-exec-3] o.s.w.s.m.m.a.HttpEntityMethodProcessor  : Written [true] as "application/json" using [org.springframework.http.converter.json.MappingJackson2HttpMessageConverter@624a24f6]
2019-01-15 15:17:55.397 DEBUG 73 --- [http-nio-3030-exec-3] o.s.web.servlet.DispatcherServlet        : Null ModelAndView returned to DispatcherServlet with name 'dispatcherServlet': assuming HandlerAdapter completed request handling
2019-01-15 15:17:55.402 DEBUG 73 --- [http-nio-3030-exec-3] o.s.web.servlet.DispatcherServlet        : Successfully completed request
